2021-02-09 22:24:00,673 - instabot version: 0.117.0 (bot) - INFO - Instabot version: 0.117.0 Started
2021-02-09 22:24:00,673 - instabot version: 0.117.0 (bot) - DEBUG - Bot imported from C:\Users\hecti\PyCharmProjects\Pruebas\venv\lib\site-packages\instabot\bot\bot.py
2021-02-09 22:24:00,673 - instabot version: 0.117.0 (api_login) - INFO - Not yet logged in starting: PRE-LOGIN FLOW!
2021-02-09 22:24:00,862 - instabot version: 0.117.0 (api) - DEBUG - POST to endpoint: accounts/get_prefill_candidates/ returned response: <Response [200]>
2021-02-09 22:24:01,041 - instabot version: 0.117.0 (api) - DEBUG - POST to endpoint: qe/sync/ returned response: <Response [200]>
2021-02-09 22:24:01,216 - instabot version: 0.117.0 (api) - DEBUG - POST to endpoint: launcher/sync/ returned response: <Response [200]>
2021-02-09 22:24:01,403 - instabot version: 0.117.0 (api) - DEBUG - POST to endpoint: accounts/contact_point_prefill/ returned response: <Response [200]>
2021-02-09 22:24:03,294 - instabot version: 0.117.0 (api) - DEBUG - POST to endpoint: accounts/login/ returned response: <Response [200]>
2021-02-09 22:24:03,294 - instabot version: 0.117.0 (api) - INFO - Logged-in successfully as 'inesaboal'!
2021-02-09 22:24:03,294 - instabot version: 0.117.0 (api_login) - INFO - LOGIN FLOW! Just logged-in: True
2021-02-09 22:24:03,512 - instabot version: 0.117.0 (api) - DEBUG - POST to endpoint: qe/sync/ returned response: <Response [200]>
2021-02-09 22:24:03,738 - instabot version: 0.117.0 (api) - DEBUG - POST to endpoint: launcher/sync/ returned response: <Response [200]>
2021-02-09 22:24:03,980 - instabot version: 0.117.0 (api) - DEBUG - GET to endpoint: zr/token/result/?device_id=android-9481ead2842321e8&token_hash=&custom_device_id=android-9481ead2842321e8&fetch_reason=token_expired returned response: <Response [200]>
2021-02-09 22:24:04,216 - instabot version: 0.117.0 (api) - DEBUG - GET to endpoint: multiple_accounts/get_account_family/ returned response: <Response [200]>
2021-02-09 22:24:04,426 - instabot version: 0.117.0 (api) - DEBUG - POST to endpoint: qe/sync/ returned response: <Response [200]>
2021-02-09 22:24:05,610 - instabot version: 0.117.0 (api) - DEBUG - GET to endpoint: igtv/browse_feed/?prefetch=1 returned response: <Response [200]>
2021-02-09 22:24:05,841 - instabot version: 0.117.0 (api) - DEBUG - POST to endpoint: creatives/ar_class/ returned response: <Response [200]>
2021-02-09 22:24:06,981 - instabot version: 0.117.0 (api) - DEBUG - POST to endpoint: feed/reels_tray/ returned response: <Response [200]>
2021-02-09 22:24:09,410 - instabot version: 0.117.0 (api) - DEBUG - POST to endpoint: feed/timeline/ returned response: <Response [200]>
2021-02-09 22:24:09,651 - instabot version: 0.117.0 (api) - DEBUG - GET to endpoint: media/blocked/ returned response: <Response [200]>
2021-02-09 22:24:11,352 - instabot version: 0.117.0 (api) - DEBUG - GET to endpoint: news/inbox/ returned response: <Response [200]>
2021-02-09 22:24:11,600 - instabot version: 0.117.0 (api) - DEBUG - GET to endpoint: loom/fetch_config/ returned response: <Response [200]>
2021-02-09 22:24:13,908 - instabot version: 0.117.0 (api) - DEBUG - GET to endpoint: scores/bootstrap/users/?surfaces=["autocomplete_user_list","coefficient_besties_list_ranking","coefficient_rank_recipient_user_suggestion","coefficient_ios_section_test_bootstrap_ranking","coefficient_direct_recipients_ranking_variant_2"] returned response: <Response [200]>
2021-02-09 22:24:14,135 - instabot version: 0.117.0 (api) - DEBUG - GET to endpoint: business/eligibility/get_monetization_products_eligibility_data/?product_types=branded_content returned response: <Response [200]>
2021-02-09 22:24:14,352 - instabot version: 0.117.0 (api) - DEBUG - GET to endpoint: business/branded_content/should_require_professional_account/ returned response: <Response [200]>
2021-02-09 22:24:14,586 - instabot version: 0.117.0 (api) - DEBUG - GET to endpoint: linked_accounts/get_linkage_status/ returned response: <Response [200]>
2021-02-09 22:24:14,811 - instabot version: 0.117.0 (api) - DEBUG - GET to endpoint: locations/request_country/ returned response: <Response [200]>
2021-02-09 22:24:15,034 - instabot version: 0.117.0 (api) - DEBUG - GET to endpoint: qp/get_cooldowns/?signed_body=signed_body=4b9c516a5410a3bc128e09c6104a7f042146b9c2023870560c63a43a7f66781c.4&ig_sig_key_version=4&ig_sig_key_version=4 returned response: <Response [200]>
2021-02-09 22:24:15,268 - instabot version: 0.117.0 (api) - DEBUG - GET to endpoint: users/arlink_download_info/?version_override=2.2.1 returned response: <Response [200]>
2021-02-09 22:24:15,888 - instabot version: 0.117.0 (api) - DEBUG - GET to endpoint: users/465413033/info/ returned response: <Response [200]>
2021-02-09 22:24:16,108 - instabot version: 0.117.0 (api) - DEBUG - GET to endpoint: direct_v2/get_presence/ returned response: <Response [200]>
2021-02-09 22:24:17,986 - instabot version: 0.117.0 (api) - DEBUG - GET to endpoint: direct_v2/inbox/?visual_message_return_type=unseen&thread_message_limit=10&persistentBadging=true&limit=20 returned response: <Response [200]>
2021-02-09 22:24:18,289 - instabot version: 0.117.0 (api) - DEBUG - GET to endpoint: direct_v2/inbox/?visual_message_return_type=unseen&persistentBadging=true&limit=0 returned response: <Response [200]>
2021-02-09 22:24:20,216 - instabot version: 0.117.0 (api) - DEBUG - GET to endpoint: discover/topical_explore/?is_prefetch=true&omit_cover_media=true&use_sectional_payload=true&timezone_offset=0&session_id=3cc871a4-436d-4723-83fc-5b63ddbec140&include_fixed_destinations=true returned response: <Response [200]>
2021-02-09 22:24:20,453 - instabot version: 0.117.0 (api) - DEBUG - POST to endpoint: notifications/badge/ returned response: <Response [200]>
2021-02-09 22:24:20,789 - instabot version: 0.117.0 (api) - DEBUG - POST to endpoint: qp/batch_fetch/ returned response: <Response [200]>
2021-02-09 22:24:20,790 - instabot version: 0.117.0 (bot_checkpoint) - DEBUG - Loading Checkpoint file from: C:\Users\hecti\PycharmProjects\Pruebas/config/inesaboal.checkpoint
2021-02-09 22:24:22,103 - instabot version: 0.117.0 (bot_video) - INFO - Started uploading 'xocas.mp4'
2021-02-09 22:24:40,190 - instabot version: 0.117.0 (api) - DEBUG - POST to endpoint: media/configure/?video=1 returned response: <Response [200]>
2021-02-09 22:24:40,401 - instabot version: 0.117.0 (api) - DEBUG - POST to endpoint: qe/expose/ returned response: <Response [200]>
2021-02-09 22:24:40,402 - instabot version: 0.117.0 (bot_video) - INFO - Video 'xocas.mp4' uploaded
2021-02-09 22:24:40,402 - instabot version: 0.117.0 (bot_checkpoint) - DEBUG - Saving Checkpoint file to: C:\Users\hecti\PycharmProjects\Pruebas/config/inesaboal.checkpoint
2021-02-09 22:24:40,403 - instabot version: 0.117.0 (bot) - INFO - Total requests: 33
